{"level":"info","message":"New User JDean1 created","timestamp":"2021-12-24 17:01:55"}
{"level":"info","message":"New User JDean2 created","timestamp":"2021-12-24 17:01:55"}
{"level":"info","message":"New Post 1609 created","timestamp":"2021-12-24 17:01:55"}
{"level":"info","message":"New Post 1610 created","timestamp":"2021-12-24 17:01:55"}
{"level":"info","message":"New Post 1611 created","timestamp":"2021-12-24 17:01:55"}
{"level":"info","message":"New Post 1612 created","timestamp":"2021-12-24 17:01:55"}
{"level":"info","message":"template with id 1296 updated","timestamp":"2021-12-24 17:01:55"}
{"level":"info","message":"template with id 1296 Deleted","timestamp":"2021-12-24 17:01:55"}
{"level":"error","message":"Something went wrong verifying User address: Address not found","timestamp":"2021-12-24 17:01:56"}
{"level":"info","message":"New User JDean1 created","timestamp":"2021-12-24 17:01:57"}
{"level":"info","message":"New User JDean2 created","timestamp":"2021-12-24 17:01:57"}
{"level":"info","message":"New Post 1613 created","timestamp":"2021-12-24 17:01:57"}
{"level":"info","message":"New Post 1614 created","timestamp":"2021-12-24 17:01:57"}
{"level":"info","message":"New Post 1615 created","timestamp":"2021-12-24 17:01:57"}
{"level":"info","message":"New Post 1616 created","timestamp":"2021-12-24 17:01:57"}
{"level":"info","message":"New User JDean1 created","timestamp":"2021-12-24 17:01:57"}
{"level":"info","message":"New User JDean2 created","timestamp":"2021-12-24 17:01:57"}
{"level":"info","message":"New Post 1617 created","timestamp":"2021-12-24 17:01:57"}
{"level":"info","message":"New Post 1618 created","timestamp":"2021-12-24 17:01:57"}
{"level":"info","message":"New Post 1619 created","timestamp":"2021-12-24 17:01:57"}
{"level":"info","message":"New Post 1620 created","timestamp":"2021-12-24 17:01:57"}
{"level":"info","message":"New Post 1621 created","timestamp":"2021-12-24 17:01:57"}
{"level":"info","message":"Post with id 1617 updated","timestamp":"2021-12-24 17:01:57"}
{"level":"info","message":"Post with id 1617 Deleted","timestamp":"2021-12-24 17:01:57"}
{"level":"info","message":"New User JDean1 created","timestamp":"2021-12-24 17:01:57"}
{"level":"info","message":"New Post 1622 created","timestamp":"2021-12-24 17:01:57"}
{"level":"info","message":"New User JDean2 created","timestamp":"2021-12-24 17:01:57"}
{"level":"info","message":"New Post 1623 created","timestamp":"2021-12-24 17:01:57"}
{"level":"info","message":"New Post 1624 created","timestamp":"2021-12-24 17:01:57"}
{"level":"info","message":"New Post 1625 created","timestamp":"2021-12-24 17:01:57"}
{"level":"info","message":"User, JDean1 authenticated","timestamp":"2021-12-24 17:01:57"}
{"level":"info","message":"User JDean1 updated","timestamp":"2021-12-24 17:01:57"}
{"level":"info","message":"JDean1 Deleted","timestamp":"2021-12-24 17:01:57"}
{"level":"info","message":"New User JDean1 created","timestamp":"2021-12-24 17:01:58"}
{"level":"info","message":"New User JDean2 created","timestamp":"2021-12-24 17:01:58"}
{"level":"info","message":"New Post 1626 created","timestamp":"2021-12-24 17:01:58"}
{"level":"info","message":"New Post 1627 created","timestamp":"2021-12-24 17:01:58"}
{"level":"info","message":"New Post 1628 created","timestamp":"2021-12-24 17:01:58"}
{"level":"info","message":"New Post 1629 created","timestamp":"2021-12-24 17:01:58"}
{"level":"info","message":"User, JDean1 authenticated","timestamp":"2021-12-24 17:01:58"}
{"level":"error","message":"Error occurred authenticating user","timestamp":"2021-12-24 17:01:58"}
{"level":"info","message":"New User TB12 created","timestamp":"2021-12-24 17:01:58"}
{"level":"info","message":"New User JDean1 created","timestamp":"2021-12-24 17:01:58"}
{"level":"info","message":"New Post 1630 created","timestamp":"2021-12-24 17:01:58"}
{"level":"info","message":"New Post 1631 created","timestamp":"2021-12-24 17:01:58"}
{"level":"info","message":"New Post 1632 created","timestamp":"2021-12-24 17:01:58"}
{"level":"info","message":"New Post 1633 created","timestamp":"2021-12-24 17:01:58"}
{"level":"info","message":"New Post 1634 created","timestamp":"2021-12-24 17:01:58"}
{"level":"info","message":"Post with id 1630 updated","timestamp":"2021-12-24 17:01:58"}
{"level":"error","message":"Post with id 0 Not Found","timestamp":"2021-12-24 17:01:58"}
{"level":"info","message":"Post with id 1630 Deleted","timestamp":"2021-12-24 17:01:58"}
{"level":"info","message":"New User JDean1 created","timestamp":"2021-12-24 17:01:58"}
{"level":"info","message":"New Post 1635 created","timestamp":"2021-12-24 17:01:58"}
{"level":"info","message":"New Post 1636 created","timestamp":"2021-12-24 17:01:58"}
{"level":"info","message":"New Post 1637 created","timestamp":"2021-12-24 17:01:58"}
{"level":"info","message":"New Post 1638 created","timestamp":"2021-12-24 17:01:58"}
{"level":"info","message":"New User JDean12 created","timestamp":"2021-12-24 17:01:58"}
{"level":"info","message":"User, JDean1 authenticated","timestamp":"2021-12-24 17:01:58"}
{"level":"error","message":"Error occurred authenticating user","timestamp":"2021-12-24 17:01:58"}
{"level":"info","message":"User, JDean1 authenticated","timestamp":"2021-12-24 17:01:58"}
{"level":"info","message":"User JDean1 updated","timestamp":"2021-12-24 17:01:58"}
{"level":"error","message":"Error occurred authenticating user","timestamp":"2021-12-24 17:01:58"}
{"level":"info","message":"JDean1 Deleted","timestamp":"2021-12-24 17:01:58"}
{"level":"info","message":"New User JDean1 created","timestamp":"2021-12-24 17:01:58"}
{"level":"info","message":"New Post 1639 created","timestamp":"2021-12-24 17:01:58"}
{"level":"info","message":"New Post 1640 created","timestamp":"2021-12-24 17:01:58"}
{"level":"info","message":"New Post 1641 created","timestamp":"2021-12-24 17:01:58"}
{"level":"info","message":"New Post 1642 created","timestamp":"2021-12-24 17:01:58"}
{"level":"info","message":"template with id 1319 updated","timestamp":"2021-12-24 17:01:58"}
{"level":"error","message":"template with id 0 Not Found","timestamp":"2021-12-24 17:01:58"}
{"level":"info","message":"template with id 1319 Deleted","timestamp":"2021-12-24 17:01:58"}
{"level":"info","message":"New User JDean1 created","timestamp":"2021-12-24 17:01:58"}
{"level":"info","message":"New Post 1643 created","timestamp":"2021-12-24 17:01:58"}
{"level":"info","message":"New User JDean1 created","timestamp":"2021-12-24 17:04:44"}
{"level":"info","message":"New User JDean2 created","timestamp":"2021-12-24 17:04:44"}
{"level":"info","message":"New Post 1644 created","timestamp":"2021-12-24 17:04:44"}
{"level":"info","message":"New Post 1645 created","timestamp":"2021-12-24 17:04:44"}
{"level":"info","message":"New Post 1646 created","timestamp":"2021-12-24 17:04:44"}
{"level":"info","message":"New Post 1647 created","timestamp":"2021-12-24 17:04:44"}
{"level":"info","message":"template with id 1324 updated","timestamp":"2021-12-24 17:04:44"}
{"level":"info","message":"template with id 1324 Deleted","timestamp":"2021-12-24 17:04:44"}
{"level":"error","message":"Something went wrong verifying User address: Address not found","timestamp":"2021-12-24 17:04:45"}
{"level":"info","message":"New User JDean1 created","timestamp":"2021-12-24 17:04:46"}
{"level":"info","message":"New User JDean2 created","timestamp":"2021-12-24 17:04:46"}
{"level":"info","message":"New Post 1648 created","timestamp":"2021-12-24 17:04:46"}
{"level":"info","message":"New Post 1649 created","timestamp":"2021-12-24 17:04:46"}
{"level":"info","message":"New Post 1650 created","timestamp":"2021-12-24 17:04:46"}
{"level":"info","message":"New Post 1651 created","timestamp":"2021-12-24 17:04:46"}
{"level":"info","message":"New User JDean1 created","timestamp":"2021-12-24 17:04:46"}
{"level":"info","message":"New User JDean2 created","timestamp":"2021-12-24 17:04:46"}
{"level":"info","message":"New Post 1652 created","timestamp":"2021-12-24 17:04:46"}
{"level":"info","message":"New Post 1653 created","timestamp":"2021-12-24 17:04:46"}
{"level":"info","message":"New Post 1654 created","timestamp":"2021-12-24 17:04:46"}
{"level":"info","message":"New Post 1655 created","timestamp":"2021-12-24 17:04:46"}
{"level":"info","message":"New Post 1656 created","timestamp":"2021-12-24 17:04:46"}
{"level":"info","message":"Post with id 1652 updated","timestamp":"2021-12-24 17:04:46"}
{"level":"info","message":"Post with id 1652 Deleted","timestamp":"2021-12-24 17:04:46"}
{"level":"info","message":"New User JDean1 created","timestamp":"2021-12-24 17:04:46"}
{"level":"info","message":"New User JDean2 created","timestamp":"2021-12-24 17:04:46"}
{"level":"info","message":"New Post 1657 created","timestamp":"2021-12-24 17:04:46"}
{"level":"info","message":"New Post 1658 created","timestamp":"2021-12-24 17:04:46"}
{"level":"info","message":"New Post 1659 created","timestamp":"2021-12-24 17:04:46"}
{"level":"info","message":"New Post 1660 created","timestamp":"2021-12-24 17:04:46"}
{"level":"info","message":"User, JDean1 authenticated","timestamp":"2021-12-24 17:04:46"}
{"level":"info","message":"User JDean1 updated","timestamp":"2021-12-24 17:04:46"}
{"level":"info","message":"JDean1 Deleted","timestamp":"2021-12-24 17:04:46"}
{"level":"info","message":"New User JDean1 created","timestamp":"2021-12-24 17:04:47"}
{"level":"info","message":"New User JDean2 created","timestamp":"2021-12-24 17:04:47"}
{"level":"info","message":"New Post 1661 created","timestamp":"2021-12-24 17:04:47"}
{"level":"info","message":"New Post 1662 created","timestamp":"2021-12-24 17:04:47"}
{"level":"info","message":"New Post 1663 created","timestamp":"2021-12-24 17:04:47"}
{"level":"info","message":"New Post 1664 created","timestamp":"2021-12-24 17:04:47"}
{"level":"info","message":"User, JDean1 authenticated","timestamp":"2021-12-24 17:04:47"}
{"level":"error","message":"Error occurred authenticating user","timestamp":"2021-12-24 17:04:47"}
{"level":"info","message":"New User TB12 created","timestamp":"2021-12-24 17:04:47"}
{"level":"info","message":"New User JDean1 created","timestamp":"2021-12-24 17:04:47"}
{"level":"info","message":"New Post 1665 created","timestamp":"2021-12-24 17:04:47"}
{"level":"info","message":"New Post 1666 created","timestamp":"2021-12-24 17:04:47"}
{"level":"info","message":"New Post 1667 created","timestamp":"2021-12-24 17:04:47"}
{"level":"info","message":"New Post 1668 created","timestamp":"2021-12-24 17:04:47"}
{"level":"info","message":"New Post 1669 created","timestamp":"2021-12-24 17:04:47"}
{"level":"info","message":"Post with id 1665 updated","timestamp":"2021-12-24 17:04:47"}
{"level":"error","message":"Post with id 0 Not Found","timestamp":"2021-12-24 17:04:47"}
{"level":"info","message":"Post with id 1665 Deleted","timestamp":"2021-12-24 17:04:47"}
{"level":"info","message":"New User JDean1 created","timestamp":"2021-12-24 17:04:47"}
{"level":"info","message":"New Post 1670 created","timestamp":"2021-12-24 17:04:47"}
{"level":"info","message":"New User JDean1 created","timestamp":"2021-12-24 17:04:47"}
{"level":"info","message":"New Post 1671 created","timestamp":"2021-12-24 17:04:47"}
{"level":"info","message":"New Post 1672 created","timestamp":"2021-12-24 17:04:47"}
{"level":"info","message":"New Post 1673 created","timestamp":"2021-12-24 17:04:47"}
{"level":"info","message":"New Post 1674 created","timestamp":"2021-12-24 17:04:47"}
{"level":"info","message":"New User JDean12 created","timestamp":"2021-12-24 17:04:47"}
{"level":"info","message":"User, JDean1 authenticated","timestamp":"2021-12-24 17:04:47"}
{"level":"error","message":"Error occurred authenticating user","timestamp":"2021-12-24 17:04:47"}
{"level":"info","message":"User, JDean1 authenticated","timestamp":"2021-12-24 17:04:47"}
{"level":"info","message":"User JDean1 updated","timestamp":"2021-12-24 17:04:47"}
{"level":"error","message":"Error occurred authenticating user","timestamp":"2021-12-24 17:04:47"}
{"level":"info","message":"JDean1 Deleted","timestamp":"2021-12-24 17:04:47"}
{"level":"info","message":"New User JDean1 created","timestamp":"2021-12-24 17:04:47"}
{"level":"info","message":"New Post 1675 created","timestamp":"2021-12-24 17:04:47"}
{"level":"info","message":"New Post 1676 created","timestamp":"2021-12-24 17:04:47"}
{"level":"info","message":"New Post 1677 created","timestamp":"2021-12-24 17:04:47"}
{"level":"info","message":"New Post 1678 created","timestamp":"2021-12-24 17:04:47"}
{"level":"info","message":"template with id 1348 updated","timestamp":"2021-12-24 17:04:47"}
{"level":"error","message":"template with id 0 Not Found","timestamp":"2021-12-24 17:04:47"}
{"level":"info","message":"template with id 1348 Deleted","timestamp":"2021-12-24 17:04:47"}
